# JRE version: OpenJDK Runtime Environment (8.0_222-b10) (build 1.8.0_222-Huawei_JDK_V100R001C00SPC150B002-b10)
# Java VM: OpenJDK 64-Bit Server VM (25.222-b10 mixed mode windows-amd64 compressed oops)
Heap:
 PSYoungGen      total 205312K, used 48059K [0x000000076b800000, 0x000000077e100000, 0x00000007c0000000)
  eden space 186368K, 15% used [0x000000076b800000,0x000000076d4edc50,0x0000000776e00000)
  from space 18944K, 97% used [0x000000077ce80000,0x000000077e0811d0,0x000000077e100000)
  to   space 25600K, 0% used [0x000000077af00000,0x000000077af00000,0x000000077c800000)
 ParOldGen       total 142848K, used 30472K [0x00000006c2800000, 0x00000006cb380000, 0x000000076b800000)
  object space 142848K, 21% used [0x00000006c2800000,0x00000006c45c20c8,0x00000006cb380000)
 Metaspace       used 24425K, capacity 25064K, committed 25392K, reserved 1071104K
  class space    used 2846K, capacity 3030K, committed 3120K, reserved 1048576K
GC Heap History (14 events):
Event: 1.709 GC heap before
{Heap before GC invocations=1 (full 0):
 PSYoungGen      total 75776K, used 65024K [0x000000076b800000, 0x0000000770c80000, 0x00000007c0000000)
  eden space 65024K, 100% used [0x000000076b800000,0x000000076f780000,0x000000076f780000)
  from space 10752K, 0% used [0x0000000770200000,0x0000000770200000,0x0000000770c80000)
  to   space 10752K, 0% used [0x000000076f780000,0x000000076f780000,0x0000000770200000)
 ParOldGen       total 173568K, used 0K [0x00000006c2800000, 0x00000006cd180000, 0x000000076b800000)
  object space 173568K, 0% used [0x00000006c2800000,0x00000006c2800000,0x00000006cd180000)
 Metaspace       used 10796K, capacity 11038K, committed 11136K, reserved 1058816K
  class space    used 1323K, capacity 1383K, committed 1408K, reserved 1048576K
Event: 1.720 GC heap after
Heap after GC invocations=1 (full 0):
 PSYoungGen      total 75776K, used 8710K [0x000000076b800000, 0x0000000770c80000, 0x00000007c0000000)
  eden space 65024K, 0% used [0x000000076b800000,0x000000076b800000,0x000000076f780000)
  from space 10752K, 81% used [0x000000076f780000,0x0000000770001bb8,0x0000000770200000)
  to   space 10752K, 0% used [0x0000000770200000,0x0000000770200000,0x0000000770c80000)
 ParOldGen       total 173568K, used 16K [0x00000006c2800000, 0x00000006cd180000, 0x000000076b800000)
  object space 173568K, 0% used [0x00000006c2800000,0x00000006c2804000,0x00000006cd180000)
 Metaspace       used 10796K, capacity 11038K, committed 11136K, reserved 1058816K
  class space    used 1323K, capacity 1383K, committed 1408K, reserved 1048576K
}
Event: 3.062 GC heap before
{Heap before GC invocations=2 (full 0):
 PSYoungGen      total 75776K, used 73734K [0x000000076b800000, 0x0000000770c80000, 0x00000007c0000000)
  eden space 65024K, 100% used [0x000000076b800000,0x000000076f780000,0x000000076f780000)
  from space 10752K, 81% used [0x000000076f780000,0x0000000770001bb8,0x0000000770200000)
  to   space 10752K, 0% used [0x0000000770200000,0x0000000770200000,0x0000000770c80000)
 ParOldGen       total 173568K, used 16K [0x00000006c2800000, 0x00000006cd180000, 0x000000076b800000)
  object space 173568K, 0% used [0x00000006c2800000,0x00000006c2804000,0x00000006cd180000)
 Metaspace       used 15010K, capacity 15302K, committed 15488K, reserved 1062912K
  class space    used 1809K, capacity 1911K, committed 1920K, reserved 1048576K
Event: 3.078 GC heap after
Heap after GC invocations=2 (full 0):
 PSYoungGen      total 75776K, used 10725K [0x000000076b800000, 0x0000000770c80000, 0x00000007c0000000)
  eden space 65024K, 0% used [0x000000076b800000,0x000000076b800000,0x000000076f780000)
  from space 10752K, 99% used [0x0000000770200000,0x0000000770c79628,0x0000000770c80000)
  to   space 10752K, 0% used [0x000000076f780000,0x000000076f780000,0x0000000770200000)
 ParOldGen       total 173568K, used 1511K [0x00000006c2800000, 0x00000006cd180000, 0x000000076b800000)
  object space 173568K, 0% used [0x00000006c2800000,0x00000006c2979c78,0x00000006cd180000)
 Metaspace       used 15010K, capacity 15302K, committed 15488K, reserved 1062912K
  class space    used 1809K, capacity 1911K, committed 1920K, reserved 1048576K
}
Event: 4.319 GC heap before
{Heap before GC invocations=3 (full 0):
 PSYoungGen      total 75776K, used 75749K [0x000000076b800000, 0x0000000770c80000, 0x00000007c0000000)
  eden space 65024K, 100% used [0x000000076b800000,0x000000076f780000,0x000000076f780000)
  from space 10752K, 99% used [0x0000000770200000,0x0000000770c79628,0x0000000770c80000)
  to   space 10752K, 0% used [0x000000076f780000,0x000000076f780000,0x0000000770200000)
 ParOldGen       total 173568K, used 1511K [0x00000006c2800000, 0x00000006cd180000, 0x000000076b800000)
  object space 173568K, 0% used [0x00000006c2800000,0x00000006c2979c78,0x00000006cd180000)
 Metaspace       used 15741K, capacity 16080K, committed 16384K, reserved 1062912K
  class space    used 1848K, capacity 1950K, committed 2048K, reserved 1048576K
Event: 4.349 GC heap after
Heap after GC invocations=3 (full 0):
 PSYoungGen      total 75776K, used 10744K [0x000000076b800000, 0x0000000774c00000, 0x00000007c0000000)
  eden space 65024K, 0% used [0x000000076b800000,0x000000076b800000,0x000000076f780000)
  from space 10752K, 99% used [0x000000076f780000,0x00000007701fe050,0x0000000770200000)
  to   space 10752K, 0% used [0x0000000774180000,0x0000000774180000,0x0000000774c00000)
 ParOldGen       total 173568K, used 4460K [0x00000006c2800000, 0x00000006cd180000, 0x000000076b800000)
  object space 173568K, 2% used [0x00000006c2800000,0x00000006c2c5b280,0x00000006cd180000)
 Metaspace       used 15741K, capacity 16080K, committed 16384K, reserved 1062912K
  class space    used 1848K, capacity 1950K, committed 2048K, reserved 1048576K
}
Event: 5.279 GC heap before
{Heap before GC invocations=4 (full 0):
 PSYoungGen      total 75776K, used 75768K [0x000000076b800000, 0x0000000774c00000, 0x00000007c0000000)
  eden space 65024K, 100% used [0x000000076b800000,0x000000076f780000,0x000000076f780000)
  from space 10752K, 99% used [0x000000076f780000,0x00000007701fe050,0x0000000770200000)
  to   space 10752K, 0% used [0x0000000774180000,0x0000000774180000,0x0000000774c00000)
 ParOldGen       total 173568K, used 4460K [0x00000006c2800000, 0x00000006cd180000, 0x000000076b800000)
  object space 173568K, 2% used [0x00000006c2800000,0x00000006c2c5b280,0x00000006cd180000)
 Metaspace       used 15960K, capacity 16278K, committed 16384K, reserved 1062912K
  class space    used 1850K, capacity 1951K, committed 2048K, reserved 1048576K
Event: 5.357 GC heap after
Heap after GC invocations=4 (full 0):
 PSYoungGen      total 140800K, used 10744K [0x000000076b800000, 0x0000000774c00000, 0x00000007c0000000)
  eden space 130048K, 0% used [0x000000076b800000,0x000000076b800000,0x0000000773700000)
  from space 10752K, 99% used [0x0000000774180000,0x0000000774bfe050,0x0000000774c00000)
  to   space 10752K, 0% used [0x0000000773700000,0x0000000773700000,0x0000000774180000)
 ParOldGen       total 173568K, used 10658K [0x00000006c2800000, 0x00000006cd180000, 0x000000076b800000)
  object space 173568K, 6% used [0x00000006c2800000,0x00000006c3268950,0x00000006cd180000)
 Metaspace       used 15960K, capacity 16278K, committed 16384K, reserved 1062912K
  class space    used 1850K, capacity 1951K, committed 2048K, reserved 1048576K
}
Event: 9.079 GC heap before
{Heap before GC invocations=5 (full 0):
 PSYoungGen      total 140800K, used 133907K [0x000000076b800000, 0x0000000774c00000, 0x00000007c0000000)
  eden space 130048K, 94% used [0x000000076b800000,0x0000000773046e40,0x0000000773700000)
  from space 10752K, 99% used [0x0000000774180000,0x0000000774bfe050,0x0000000774c00000)
  to   space 10752K, 0% used [0x0000000773700000,0x0000000773700000,0x0000000774180000)
 ParOldGen       total 173568K, used 10658K [0x00000006c2800000, 0x00000006cd180000, 0x000000076b800000)
  object space 173568K, 6% used [0x00000006c2800000,0x00000006c3268950,0x00000006cd180000)
 Metaspace       used 20773K, capacity 21246K, committed 21296K, reserved 1069056K
  class space    used 2446K, capacity 2585K, committed 2608K, reserved 1048576K
Event: 9.136 GC heap after
Heap after GC invocations=5 (full 0):
 PSYoungGen      total 140800K, used 10728K [0x000000076b800000, 0x000000077e700000, 0x00000007c0000000)
  eden space 130048K, 0% used [0x000000076b800000,0x000000076b800000,0x0000000773700000)
  from space 10752K, 99% used [0x0000000773700000,0x000000077417a040,0x0000000774180000)
  to   space 25088K, 0% used [0x000000077ce80000,0x000000077ce80000,0x000000077e700000)
 ParOldGen       total 173568K, used 23674K [0x00000006c2800000, 0x00000006cd180000, 0x000000076b800000)
  object space 173568K, 13% used [0x00000006c2800000,0x00000006c3f1ead8,0x00000006cd180000)
 Metaspace       used 20773K, capacity 21246K, committed 21296K, reserved 1069056K
  class space    used 2446K, capacity 2585K, committed 2608K, reserved 1048576K
}
Event: 9.136 GC heap before
{Heap before GC invocations=6 (full 1):
 PSYoungGen      total 140800K, used 10728K [0x000000076b800000, 0x000000077e700000, 0x00000007c0000000)
  eden space 130048K, 0% used [0x000000076b800000,0x000000076b800000,0x0000000773700000)
  from space 10752K, 99% used [0x0000000773700000,0x000000077417a040,0x0000000774180000)
  to   space 25088K, 0% used [0x000000077ce80000,0x000000077ce80000,0x000000077e700000)
 ParOldGen       total 173568K, used 23674K [0x00000006c2800000, 0x00000006cd180000, 0x000000076b800000)
  object space 173568K, 13% used [0x00000006c2800000,0x00000006c3f1ead8,0x00000006cd180000)
 Metaspace       used 20773K, capacity 21246K, committed 21296K, reserved 1069056K
  class space    used 2446K, capacity 2585K, committed 2608K, reserved 1048576K
Event: 9.395 GC heap after
Heap after GC invocations=6 (full 1):
 PSYoungGen      total 140800K, used 0K [0x000000076b800000, 0x000000077e700000, 0x00000007c0000000)
  eden space 130048K, 0% used [0x000000076b800000,0x000000076b800000,0x0000000773700000)
  from space 10752K, 0% used [0x0000000773700000,0x0000000773700000,0x0000000774180000)
  to   space 25088K, 0% used [0x000000077ce80000,0x000000077ce80000,0x000000077e700000)
 ParOldGen       total 142848K, used 30464K [0x00000006c2800000, 0x00000006cb380000, 0x000000076b800000)
  object space 142848K, 21% used [0x00000006c2800000,0x00000006c45c00c8,0x00000006cb380000)
 Metaspace       used 20773K, capacity 21246K, committed 21296K, reserved 1069056K
  class space    used 2446K, capacity 2585K, committed 2608K, reserved 1048576K
}
Event: 19.113 GC heap before
{Heap before GC invocations=7 (full 1):
 PSYoungGen      total 140800K, used 130048K [0x000000076b800000, 0x000000077e700000, 0x00000007c0000000)
  eden space 130048K, 100% used [0x000000076b800000,0x0000000773700000,0x0000000773700000)
  from space 10752K, 0% used [0x0000000773700000,0x0000000773700000,0x0000000774180000)
  to   space 25088K, 0% used [0x000000077ce80000,0x000000077ce80000,0x000000077e700000)
 ParOldGen       total 142848K, used 30464K [0x00000006c2800000, 0x00000006cb380000, 0x000000076b800000)
  object space 142848K, 21% used [0x00000006c2800000,0x00000006c45c00c8,0x00000006cb380000)
 Metaspace       used 23676K, capacity 24296K, committed 24496K, reserved 1071104K
  class space    used 2757K, capacity 2902K, committed 2992K, reserved 1048576K
Event: 19.173 GC heap after
Heap after GC invocations=7 (full 1):
 PSYoungGen      total 205312K, used 18436K [0x000000076b800000, 0x000000077e100000, 0x00000007c0000000)
  eden space 186368K, 0% used [0x000000076b800000,0x000000076b800000,0x0000000776e00000)
  from space 18944K, 97% used [0x000000077ce80000,0x000000077e0811d0,0x000000077e100000)
  to   space 25600K, 0% used [0x000000077af00000,0x000000077af00000,0x000000077c800000)
 ParOldGen       total 142848K, used 30472K [0x00000006c2800000, 0x00000006cb380000, 0x000000076b800000)
  object space 142848K, 21% used [0x00000006c2800000,0x00000006c45c20c8,0x00000006cb380000)
 Metaspace       used 23676K, capacity 24296K, committed 24496K, reserved 1071104K
  class space    used 2757K, capacity 2902K, committed 2992K, reserved 1048576K
}

